TN:
SF:src/config/constants.js
FNF:0
FNH:0
DA:5,0
LF:1
LH:0
BRF:0
BRH:0
end_of_record
TN:
SF:src/config/db.js
FN:6,(anonymous_0)
FNF:1
FNH:0
FNDA:0,(anonymous_0)
DA:4,0
DA:6,0
DA:7,0
DA:8,0
DA:13,0
DA:14,0
DA:16,0
DA:17,0
LF:8
LH:0
BRF:0
BRH:0
end_of_record
TN:
SF:src/controllers/authController.js
FN:5,(anonymous_0)
FN:12,(anonymous_1)
FN:60,(anonymous_2)
FN:109,(anonymous_3)
FN:124,(anonymous_4)
FN:147,(anonymous_5)
FNF:6
FNH:0
FNDA:0,(anonymous_0)
FNDA:0,(anonymous_1)
FNDA:0,(anonymous_2)
FNDA:0,(anonymous_3)
FNDA:0,(anonymous_4)
FNDA:0,(anonymous_5)
DA:5,0
DA:6,0
DA:12,0
DA:13,0
DA:14,0
DA:17,0
DA:18,0
DA:22,0
DA:23,0
DA:24,0
DA:28,0
DA:35,0
DA:38,0
DA:40,0
DA:53,0
DA:60,0
DA:61,0
DA:62,0
DA:65,0
DA:66,0
DA:70,0
DA:71,0
DA:72,0
DA:76,0
DA:77,0
DA:78,0
DA:82,0
DA:83,0
DA:87,0
DA:89,0
DA:102,0
DA:109,0
DA:110,0
DA:111,0
DA:112,0
DA:117,0
DA:124,0
DA:125,0
DA:126,0
DA:128,0
DA:134,0
DA:140,0
DA:147,0
DA:148,0
LF:44
LH:0
BRDA:5,0,0,0
BRDA:17,1,0,0
BRDA:17,1,1,0
BRDA:17,2,0,0
BRDA:17,2,1,0
BRDA:17,2,2,0
BRDA:17,2,3,0
BRDA:23,3,0,0
BRDA:23,3,1,0
BRDA:65,4,0,0
BRDA:65,4,1,0
BRDA:65,5,0,0
BRDA:65,5,1,0
BRDA:71,6,0,0
BRDA:71,6,1,0
BRDA:77,7,0,0
BRDA:77,7,1,0
BRDA:82,8,0,0
BRDA:82,8,1,0
BRF:19
BRH:0
end_of_record
TN:
SF:src/controllers/categoryController.js
FN:6,(anonymous_0)
FN:22,(anonymous_1)
FN:42,(anonymous_2)
FN:80,(anonymous_3)
FN:108,(anonymous_4)
FNF:5
FNH:0
FNDA:0,(anonymous_0)
FNDA:0,(anonymous_1)
FNDA:0,(anonymous_2)
FNDA:0,(anonymous_3)
FNDA:0,(anonymous_4)
DA:6,0
DA:7,0
DA:8,0
DA:10,0
DA:15,0
DA:22,0
DA:23,0
DA:24,0
DA:26,0
DA:27,0
DA:30,0
DA:35,0
DA:42,0
DA:43,0
DA:44,0
DA:45,0
DA:48,0
DA:50,0
DA:51,0
DA:54,0
DA:55,0
DA:56,0
DA:59,0
DA:65,0
DA:67,0
DA:73,0
DA:80,0
DA:81,0
DA:82,0
DA:83,0
DA:86,0
DA:91,0
DA:92,0
DA:95,0
DA:101,0
DA:108,0
DA:109,0
DA:110,0
DA:111,0
DA:114,0
DA:116,0
DA:117,0
DA:120,0
DA:125,0
LF:44
LH:0
BRDA:26,0,0,0
BRDA:26,0,1,0
BRDA:44,1,0,0
BRDA:44,1,1,0
BRDA:50,2,0,0
BRDA:50,2,1,0
BRDA:55,3,0,0
BRDA:55,3,1,0
BRDA:82,4,0,0
BRDA:82,4,1,0
BRDA:91,5,0,0
BRDA:91,5,1,0
BRDA:110,6,0,0
BRDA:110,6,1,0
BRDA:116,7,0,0
BRDA:116,7,1,0
BRF:16
BRH:0
end_of_record
TN:
SF:src/controllers/configController.js
FN:11,(anonymous_0)
FNF:1
FNH:0
FNDA:0,(anonymous_0)
DA:4,0
DA:11,0
DA:12,0
DA:13,0
DA:25,0
DA:27,0
LF:6
LH:0
BRDA:16,0,0,0
BRDA:16,0,1,0
BRDA:17,1,0,0
BRDA:17,1,1,0
BRDA:20,2,0,0
BRDA:20,2,1,0
BRF:6
BRH:0
end_of_record
TN:
SF:src/controllers/orderController.js
FN:7,(anonymous_0)
FN:100,(anonymous_1)
FN:125,(anonymous_2)
FN:152,(anonymous_3)
FN:184,(anonymous_4)
FNF:5
FNH:0
FNDA:0,(anonymous_0)
FNDA:0,(anonymous_1)
FNDA:0,(anonymous_2)
FNDA:0,(anonymous_3)
FNDA:0,(anonymous_4)
DA:7,0
DA:8,0
DA:9,0
DA:12,0
DA:13,0
DA:15,0
DA:16,0
DA:22,0
DA:23,0
DA:29,0
DA:30,0
DA:32,0
DA:34,0
DA:36,0
DA:37,0
DA:38,0
DA:44,0
DA:46,0
DA:47,0
DA:53,0
DA:54,0
DA:63,0
DA:72,0
DA:73,0
DA:76,0
DA:77,0
DA:83,0
DA:89,0
DA:90,0
DA:100,0
DA:101,0
DA:102,0
DA:104,0
DA:105,0
DA:108,0
DA:113,0
DA:118,0
DA:125,0
DA:126,0
DA:127,0
DA:131,0
DA:132,0
DA:136,0
DA:137,0
DA:140,0
DA:145,0
DA:152,0
DA:153,0
DA:154,0
DA:155,0
DA:158,0
DA:159,0
DA:167,0
DA:168,0
DA:171,0
DA:177,0
DA:184,0
DA:185,0
DA:186,0
DA:188,0
DA:189,0
DA:193,0
DA:195,0
DA:196,0
DA:202,0
DA:204,0
DA:211,0
DA:212,0
DA:215,0
DA:216,0
DA:220,0
DA:221,0
DA:227,0
DA:228,0
DA:230,0
DA:236,0
LF:76
LH:0
BRDA:12,0,0,0
BRDA:12,0,1,0
BRDA:13,1,0,0
BRDA:13,1,1,0
BRDA:15,2,0,0
BRDA:15,2,1,0
BRDA:15,3,0,0
BRDA:15,3,1,0
BRDA:22,4,0,0
BRDA:22,4,1,0
BRDA:34,5,0,0
BRDA:34,5,1,0
BRDA:37,6,0,0
BRDA:37,6,1,0
BRDA:44,7,0,0
BRDA:44,7,1,0
BRDA:46,8,0,0
BRDA:46,8,1,0
BRDA:66,9,0,0
BRDA:66,9,1,0
BRDA:67,10,0,0
BRDA:67,10,1,0
BRDA:104,11,0,0
BRDA:104,11,1,0
BRDA:131,12,0,0
BRDA:131,12,1,0
BRDA:136,13,0,0
BRDA:136,13,1,0
BRDA:136,14,0,0
BRDA:136,14,1,0
BRDA:154,15,0,0
BRDA:154,15,1,0
BRDA:167,16,0,0
BRDA:167,16,1,0
BRDA:188,17,0,0
BRDA:188,17,1,0
BRDA:193,18,0,0
BRDA:193,18,1,0
BRDA:211,19,0,0
BRDA:211,19,1,0
BRDA:215,20,0,0
BRDA:215,20,1,0
BRDA:215,21,0,0
BRDA:215,21,1,0
BRF:44
BRH:0
end_of_record
TN:
SF:src/controllers/productController.js
FN:7,(anonymous_0)
FN:48,(anonymous_1)
FN:68,(anonymous_2)
FN:108,(anonymous_3)
FN:136,(anonymous_4)
FNF:5
FNH:0
FNDA:0,(anonymous_0)
FNDA:0,(anonymous_1)
FNDA:0,(anonymous_2)
FNDA:0,(anonymous_3)
FNDA:0,(anonymous_4)
DA:7,0
DA:8,0
DA:9,0
DA:10,0
DA:12,0
DA:13,0
DA:14,0
DA:19,0
DA:21,0
DA:22,0
DA:28,0
DA:29,0
DA:31,0
DA:41,0
DA:48,0
DA:49,0
DA:50,0
DA:52,0
DA:53,0
DA:56,0
DA:61,0
DA:68,0
DA:69,0
DA:70,0
DA:71,0
DA:74,0
DA:76,0
DA:77,0
DA:80,0
DA:92,0
DA:93,0
DA:95,0
DA:101,0
DA:108,0
DA:109,0
DA:110,0
DA:111,0
DA:114,0
DA:119,0
DA:120,0
DA:123,0
DA:129,0
DA:136,0
DA:137,0
DA:138,0
DA:139,0
DA:142,0
DA:144,0
DA:145,0
DA:148,0
DA:153,0
LF:51
LH:0
BRDA:9,0,0,0
BRDA:9,1,0,0
BRDA:12,2,0,0
BRDA:12,2,1,0
BRDA:13,3,0,0
BRDA:13,3,1,0
BRDA:19,4,0,0
BRDA:19,4,1,0
BRDA:52,5,0,0
BRDA:52,5,1,0
BRDA:70,6,0,0
BRDA:70,6,1,0
BRDA:76,7,0,0
BRDA:76,7,1,0
BRDA:76,8,0,0
BRDA:76,8,1,0
BRDA:76,8,2,0
BRDA:76,8,3,0
BRDA:76,8,4,0
BRDA:87,9,0,0
BRDA:87,9,1,0
BRDA:88,10,0,0
BRDA:88,10,1,0
BRDA:89,11,0,0
BRDA:89,11,1,0
BRDA:110,12,0,0
BRDA:110,12,1,0
BRDA:119,13,0,0
BRDA:119,13,1,0
BRDA:138,14,0,0
BRDA:138,14,1,0
BRDA:144,15,0,0
BRDA:144,15,1,0
BRF:33
BRH:0
end_of_record
TN:
SF:src/controllers/userController.js
FN:6,(anonymous_0)
FN:26,(anonymous_1)
FN:50,(anonymous_2)
FN:81,(anonymous_3)
FN:105,(anonymous_4)
FNF:5
FNH:0
FNDA:0,(anonymous_0)
FNDA:0,(anonymous_1)
FNDA:0,(anonymous_2)
FNDA:0,(anonymous_3)
FNDA:0,(anonymous_4)
DA:6,0
DA:7,0
DA:8,0
DA:9,0
DA:12,0
DA:14,0
DA:19,0
DA:26,0
DA:27,0
DA:28,0
DA:29,0
DA:32,0
DA:34,0
DA:35,0
DA:38,0
DA:43,0
DA:50,0
DA:51,0
DA:52,0
DA:53,0
DA:56,0
DA:58,0
DA:64,0
DA:65,0
DA:68,0
DA:74,0
DA:81,0
DA:82,0
DA:83,0
DA:84,0
DA:87,0
DA:89,0
DA:90,0
DA:93,0
DA:98,0
DA:105,0
DA:106,0
DA:107,0
DA:108,0
DA:111,0
DA:112,0
DA:116,0
DA:121,0
LF:43
LH:0
BRDA:8,0,0,0
BRDA:8,0,1,0
BRDA:28,1,0,0
BRDA:28,1,1,0
BRDA:28,2,0,0
BRDA:28,2,1,0
BRDA:34,3,0,0
BRDA:34,3,1,0
BRDA:52,4,0,0
BRDA:52,4,1,0
BRDA:64,5,0,0
BRDA:64,5,1,0
BRDA:83,6,0,0
BRDA:83,6,1,0
BRDA:89,7,0,0
BRDA:89,7,1,0
BRDA:107,8,0,0
BRDA:107,8,1,0
BRDA:107,9,0,0
BRDA:107,9,1,0
BRF:20
BRH:0
end_of_record
TN:
SF:src/middlewares/authMiddleware.js
FN:5,(anonymous_0)
FN:44,(anonymous_1)
FN:57,(anonymous_2)
FNF:3
FNH:0
FNDA:0,(anonymous_0)
FNDA:0,(anonymous_1)
FNDA:0,(anonymous_2)
DA:5,0
DA:6,0
DA:10,0
DA:11,0
DA:12,0
DA:13,0
DA:16,0
DA:17,0
DA:21,0
DA:24,0
DA:25,0
DA:26,0
DA:29,0
DA:37,0
DA:39,0
DA:44,0
DA:45,0
DA:46,0
DA:49,0
DA:50,0
DA:53,0
DA:57,0
DA:58,0
DA:61,0
DA:62,0
DA:63,0
DA:66,0
DA:67,0
DA:68,0
DA:78,0
DA:81,0
LF:31
LH:0
BRDA:10,0,0,0
BRDA:10,0,1,0
BRDA:10,1,0,0
BRDA:10,1,1,0
BRDA:12,2,0,0
BRDA:12,2,1,0
BRDA:16,3,0,0
BRDA:16,3,1,0
BRDA:25,4,0,0
BRDA:25,4,1,0
BRDA:45,5,0,0
BRDA:45,5,1,0
BRDA:49,6,0,0
BRDA:49,6,1,0
BRDA:61,7,0,0
BRDA:61,7,1,0
BRDA:61,8,0,0
BRDA:61,8,1,0
BRDA:67,9,0,0
BRDA:67,9,1,0
BRF:20
BRH:0
end_of_record
TN:
SF:src/middlewares/corsMiddleware.js
FNF:0
FNH:0
DA:2,0
LF:1
LH:0
BRDA:3,0,0,0
BRDA:3,0,1,0
BRF:2
BRH:0
end_of_record
TN:
SF:src/middlewares/errorMiddleware.js
FN:2,(anonymous_0)
FN:7,(anonymous_1)
FN:33,(anonymous_2)
FNF:3
FNH:0
FNDA:0,(anonymous_0)
FNDA:0,(anonymous_1)
FNDA:0,(anonymous_2)
DA:2,0
DA:3,0
DA:6,0
DA:7,0
DA:8,0
DA:12,0
DA:13,0
DA:14,0
DA:18,0
DA:19,0
DA:22,0
DA:23,0
DA:27,0
DA:33,0
DA:34,0
LF:15
LH:0
BRDA:6,0,0,0
BRDA:6,0,1,0
BRDA:12,1,0,0
BRDA:12,1,1,0
BRDA:18,2,0,0
BRDA:18,2,1,0
BRDA:22,3,0,0
BRDA:22,3,1,0
BRDA:27,4,0,0
BRDA:27,4,1,0
BRDA:28,5,0,0
BRDA:28,5,1,0
BRF:12
BRH:0
end_of_record
TN:
SF:src/middlewares/securityMiddleware.js
FNF:0
FNH:0
DA:8,0
DA:11,0
DA:25,0
DA:28,0
DA:43,0
DA:61,0
LF:6
LH:0
BRDA:44,0,0,0
BRDA:44,0,1,0
BRF:2
BRH:0
end_of_record
TN:
SF:src/middlewares/uploadMiddleware.js
FN:13,(anonymous_0)
FN:16,(anonymous_1)
FN:23,(anonymous_2)
FNF:3
FNH:0
FNDA:0,(anonymous_0)
FNDA:0,(anonymous_1)
FNDA:0,(anonymous_2)
DA:6,0
DA:7,0
DA:8,0
DA:12,0
DA:14,0
DA:17,0
DA:18,0
DA:23,0
DA:24,0
DA:26,0
DA:27,0
DA:29,0
DA:34,0
DA:43,0
DA:46,0
LF:15
LH:0
BRDA:7,0,0,0
BRDA:7,0,1,0
BRDA:26,1,0,0
BRDA:26,1,1,0
BRF:4
BRH:0
end_of_record
TN:
SF:src/models/Category.js
FN:31,(anonymous_0)
FNF:1
FNH:0
FNDA:0,(anonymous_0)
DA:3,0
DA:31,0
DA:32,0
DA:33,0
DA:39,0
DA:42,0
LF:6
LH:0
BRDA:32,0,0,0
BRDA:32,0,1,0
BRF:2
BRH:0
end_of_record
TN:
SF:src/models/Order.js
FNF:0
FNH:0
DA:3,0
DA:76,0
LF:2
LH:0
BRF:0
BRH:0
end_of_record
TN:
SF:src/models/Product.js
FNF:0
FNH:0
DA:3,0
DA:85,0
LF:2
LH:0
BRF:0
BRH:0
end_of_record
TN:
SF:src/models/User.js
FN:55,(anonymous_0)
FN:68,(anonymous_1)
FNF:2
FNH:0
FNDA:0,(anonymous_0)
FNDA:0,(anonymous_1)
DA:4,0
DA:55,0
DA:56,0
DA:58,0
DA:59,0
DA:60,0
DA:61,0
DA:63,0
DA:68,0
DA:69,0
DA:72,0
LF:11
LH:0
BRDA:56,0,0,0
BRDA:56,0,1,0
BRF:2
BRH:0
end_of_record
TN:
SF:src/routes/authRoutes.js
FNF:0
FNH:0
DA:5,0
DA:7,0
DA:8,0
DA:9,0
DA:10,0
DA:11,0
LF:6
LH:0
BRF:0
BRH:0
end_of_record
TN:
SF:src/routes/categoryRoutes.js
FNF:0
FNH:0
DA:11,0
DA:13,0
DA:14,0
DA:15,0
DA:16,0
DA:17,0
LF:6
LH:0
BRF:0
BRH:0
end_of_record
TN:
SF:src/routes/configRoutes.js
FNF:0
FNH:0
DA:4,0
DA:7,0
LF:2
LH:0
BRF:0
BRH:0
end_of_record
TN:
SF:src/routes/orderRoutes.js
FN:22,(anonymous_0)
FN:34,(anonymous_1)
FN:46,(anonymous_2)
FNF:3
FNH:0
FNDA:0,(anonymous_0)
FNDA:0,(anonymous_1)
FNDA:0,(anonymous_2)
DA:11,0
DA:14,0
DA:15,0
DA:16,0
DA:17,0
DA:18,0
DA:19,0
DA:22,0
DA:23,0
DA:25,0
DA:30,0
DA:34,0
DA:35,0
DA:37,0
DA:42,0
DA:46,0
DA:47,0
DA:49,0
DA:54,0
LF:19
LH:0
BRF:0
BRH:0
end_of_record
TN:
SF:src/routes/productRoutes.js
FNF:0
FNH:0
DA:11,0
DA:13,0
DA:14,0
DA:15,0
DA:16,0
DA:17,0
LF:6
LH:0
BRF:0
BRH:0
end_of_record
TN:
SF:src/routes/uploadRoutes.js
FN:13,(anonymous_0)
FN:57,(anonymous_1)
FN:73,(anonymous_2)
FN:76,(anonymous_3)
FN:103,(anonymous_4)
FN:159,(anonymous_5)
FNF:6
FNH:0
FNDA:0,(anonymous_0)
FNDA:0,(anonymous_1)
FNDA:0,(anonymous_2)
FNDA:0,(anonymous_3)
FNDA:0,(anonymous_4)
FNDA:0,(anonymous_5)
DA:6,0
DA:13,0
DA:14,0
DA:15,0
DA:16,0
DA:22,0
DA:23,0
DA:29,0
DA:31,0
DA:32,0
DA:39,0
DA:45,0
DA:57,0
DA:58,0
DA:59,0
DA:60,0
DA:66,0
DA:67,0
DA:73,0
DA:74,0
DA:76,0
DA:77,0
DA:78,0
DA:85,0
DA:91,0
DA:103,0
DA:104,0
DA:105,0
DA:106,0
DA:112,0
DA:114,0
DA:115,0
DA:122,0
DA:123,0
DA:125,0
DA:131,0
DA:133,0
DA:134,0
DA:141,0
DA:147,0
DA:159,0
DA:160,0
DA:161,0
DA:162,0
DA:168,0
DA:170,0
DA:171,0
DA:177,0
DA:179,0
DA:180,0
DA:187,0
DA:192,0
LF:52
LH:0
BRDA:15,0,0,0
BRDA:15,0,1,0
BRDA:22,1,0,0
BRDA:22,1,1,0
BRDA:31,2,0,0
BRDA:31,2,1,0
BRDA:59,3,0,0
BRDA:59,3,1,0
BRDA:66,4,0,0
BRDA:66,4,1,0
BRDA:66,5,0,0
BRDA:66,5,1,0
BRDA:77,6,0,0
BRDA:77,6,1,0
BRDA:105,7,0,0
BRDA:105,7,1,0
BRDA:114,8,0,0
BRDA:114,8,1,0
BRDA:133,9,0,0
BRDA:133,9,1,0
BRDA:161,10,0,0
BRDA:161,10,1,0
BRDA:170,11,0,0
BRDA:170,11,1,0
BRDA:179,12,0,0
BRDA:179,12,1,0
BRF:26
BRH:0
end_of_record
TN:
SF:src/routes/userRoutes.js
FNF:0
FNH:0
DA:5,0
DA:7,0
DA:8,0
DA:9,0
DA:10,0
DA:11,0
LF:6
LH:0
BRF:0
BRH:0
end_of_record
TN:
SF:src/utils/cloudinary.js
FN:18,(anonymous_0)
FN:59,(anonymous_1)
FN:80,(anonymous_2)
FN:106,(anonymous_3)
FNF:4
FNH:0
FNDA:0,(anonymous_0)
FNDA:0,(anonymous_1)
FNDA:0,(anonymous_2)
FNDA:0,(anonymous_3)
DA:6,0
DA:18,0
DA:19,0
DA:20,0
DA:21,0
DA:24,0
DA:32,0
DA:33,0
DA:36,0
DA:45,0
DA:46,0
DA:59,0
DA:60,0
DA:61,0
DA:63,0
DA:64,0
DA:65,0
DA:68,0
DA:70,0
DA:71,0
DA:80,0
DA:81,0
DA:82,0
DA:83,0
DA:86,0
DA:88,0
DA:93,0
DA:94,0
DA:106,0
DA:107,0
DA:108,0
DA:110,0
DA:111,0
DA:112,0
DA:115,0
DA:117,0
DA:118,0
LF:37
LH:0
BRDA:18,0,0,0
BRDA:20,1,0,0
BRDA:20,1,1,0
BRDA:32,2,0,0
BRDA:32,2,1,0
BRDA:59,3,0,0
BRDA:82,4,0,0
BRDA:82,4,1,0
BRF:8
BRH:0
end_of_record
